<?xml version="1.0" encoding="UTF-8"?>
<testng-results skipped="0" failed="0" ignored="0" total="1" passed="1">
  <reporter-output>
  </reporter-output>
  <suite name="Default suite" duration-ms="83658" started-at="2023-10-26T12:50:10Z" finished-at="2023-10-26T12:51:34Z">
    <groups>
    </groups>
    <test name="Default test" duration-ms="83658" started-at="2023-10-26T12:50:10Z" finished-at="2023-10-26T12:51:34Z">
      <class name="org.test.TestScript">
        <test-method status="PASS" signature="setup()[pri:0, instance:org.test.TestScript@527740a2]" name="setup" is-config="true" duration-ms="2058" started-at="2023-10-26T12:50:08Z" finished-at="2023-10-26T12:50:10Z">
          <reporter-output>
          </reporter-output>
        </test-method> <!-- setup -->
        <test-method status="PASS" signature="executeTest()[pri:0, instance:org.test.TestScript@527740a2]" name="executeTest" duration-ms="82952" started-at="2023-10-26T12:50:10Z" finished-at="2023-10-26T12:51:33Z">
          <reporter-output>
          </reporter-output>
        </test-method> <!-- executeTest -->
        <test-method status="PASS" signature="tearDown(org.testng.ITestResult)[pri:0, instance:org.test.TestScript@527740a2]" name="tearDown" is-config="true" duration-ms="704" started-at="2023-10-26T12:51:33Z" finished-at="2023-10-26T12:51:34Z">
          <params>
            <param index="0">
              <value>
                <![CDATA[[TestResult name=executeTest status=SUCCESS method=TestScript.executeTest()[pri:0, instance:org.test.TestScript@527740a2] output={null}]]]>
              </value>
            </param>
          </params>
          <reporter-output>
          </reporter-output>
        </test-method> <!-- tearDown -->
        <test-method status="PASS" signature="tearDownSuite()[pri:0, instance:org.test.TestScript@527740a2]" name="tearDownSuite" is-config="true" duration-ms="234" started-at="2023-10-26T12:51:34Z" finished-at="2023-10-26T12:51:34Z">
          <reporter-output>
          </reporter-output>
        </test-method> <!-- tearDownSuite -->
      </class> <!-- org.test.TestScript -->
    </test> <!-- Default test -->
  </suite> <!-- Default suite -->
</testng-results>
