<?xml version="1.0" encoding="UTF-8"?>
<testng-results skipped="0" failed="0" ignored="0" total="1" passed="1">
  <reporter-output>
  </reporter-output>
  <suite name="Default suite" duration-ms="39995" started-at="2023-10-24T13:36:56Z" finished-at="2023-10-24T13:37:36Z">
    <groups>
    </groups>
    <test name="Default test" duration-ms="39995" started-at="2023-10-24T13:36:56Z" finished-at="2023-10-24T13:37:36Z">
      <class name="org.test.TestScript">
        <test-method status="PASS" signature="setup()[pri:0, instance:org.test.TestScript@544fe44c]" name="setup" is-config="true" duration-ms="3035" started-at="2023-10-24T13:36:53Z" finished-at="2023-10-24T13:36:56Z">
          <reporter-output>
          </reporter-output>
        </test-method> <!-- setup -->
        <test-method status="PASS" signature="executeTest()[pri:0, instance:org.test.TestScript@544fe44c]" name="executeTest" duration-ms="39935" started-at="2023-10-24T13:36:56Z" finished-at="2023-10-24T13:37:36Z">
          <reporter-output>
          </reporter-output>
        </test-method> <!-- executeTest -->
        <test-method status="PASS" signature="tearDown(org.testng.ITestResult)[pri:0, instance:org.test.TestScript@544fe44c]" name="tearDown" is-config="true" duration-ms="25" started-at="2023-10-24T13:37:36Z" finished-at="2023-10-24T13:37:36Z">
          <params>
            <param index="0">
              <value>
                <![CDATA[[TestResult name=executeTest status=SUCCESS method=TestScript.executeTest()[pri:0, instance:org.test.TestScript@544fe44c] output={null}]]]>
              </value>
            </param>
          </params>
          <reporter-output>
          </reporter-output>
        </test-method> <!-- tearDown -->
        <test-method status="PASS" signature="tearDownSuite()[pri:0, instance:org.test.TestScript@544fe44c]" name="tearDownSuite" is-config="true" duration-ms="1214" started-at="2023-10-24T13:37:36Z" finished-at="2023-10-24T13:37:37Z">
          <reporter-output>
          </reporter-output>
        </test-method> <!-- tearDownSuite -->
      </class> <!-- org.test.TestScript -->
    </test> <!-- Default test -->
  </suite> <!-- Default suite -->
</testng-results>
